[INFO  - 2017-10-25T04:59:11.631Z] GhostDriver - Main - running on port 3868
[INFO  - 2017-10-25T04:59:12.094Z] Session [3deaa490-b941-11e7-a73c-a319d60c0bf9] - page.settings - {"XSSAuditingEnabled":false,"javascriptCanCloseWindows":true,"javascriptCanOpenWindows":true,"javascriptEnabled":true,"loadImages":true,"localToRemoteUrlAccessEnabled":false,"userAgent":"Mozilla/5.0 (Macintosh; Intel Mac OS X) AppleWebKit/538.1 (KHTML, like Gecko) PhantomJS/2.1.1 Safari/538.1","webSecurityEnabled":true}
[INFO  - 2017-10-25T04:59:12.094Z] Session [3deaa490-b941-11e7-a73c-a319d60c0bf9] - page.customHeaders:  - {}
[INFO  - 2017-10-25T04:59:12.094Z] Session [3deaa490-b941-11e7-a73c-a319d60c0bf9] - Session.negotiatedCapabilities - {"browserName":"phantomjs","version":"2.1.1","driverName":"ghostdriver","driverVersion":"1.2.0","platform":"mac-unknown-64bit","javascriptEnabled":true,"takesScreenshot":true,"handlesAlerts":false,"databaseEnabled":false,"locationContextEnabled":false,"applicationCacheEnabled":false,"browserConnectionEnabled":false,"cssSelectorsEnabled":true,"webStorageEnabled":false,"rotatable":false,"acceptSslCerts":false,"nativeEvents":true,"proxy":{"proxyType":"direct"}}
[INFO  - 2017-10-25T04:59:12.094Z] SessionManagerReqHand - _postNewSessionCommand - New Session Created: 3deaa490-b941-11e7-a73c-a319d60c0bf9
[INFO  - 2017-10-25T22:19:25.026Z] GhostDriver - Main - running on port 35480
[INFO  - 2017-10-25T22:19:25.321Z] Session [8f192530-b9d2-11e7-bd08-c5bcc0b40bc4] - page.settings - {"XSSAuditingEnabled":false,"javascriptCanCloseWindows":true,"javascriptCanOpenWindows":true,"javascriptEnabled":true,"loadImages":true,"localToRemoteUrlAccessEnabled":false,"userAgent":"Mozilla/5.0 (Macintosh; Intel Mac OS X) AppleWebKit/538.1 (KHTML, like Gecko) PhantomJS/2.1.1 Safari/538.1","webSecurityEnabled":true}
[INFO  - 2017-10-25T22:19:25.321Z] Session [8f192530-b9d2-11e7-bd08-c5bcc0b40bc4] - page.customHeaders:  - {}
[INFO  - 2017-10-25T22:19:25.321Z] Session [8f192530-b9d2-11e7-bd08-c5bcc0b40bc4] - Session.negotiatedCapabilities - {"browserName":"phantomjs","version":"2.1.1","driverName":"ghostdriver","driverVersion":"1.2.0","platform":"mac-unknown-64bit","javascriptEnabled":true,"takesScreenshot":true,"handlesAlerts":false,"databaseEnabled":false,"locationContextEnabled":false,"applicationCacheEnabled":false,"browserConnectionEnabled":false,"cssSelectorsEnabled":true,"webStorageEnabled":false,"rotatable":false,"acceptSslCerts":false,"nativeEvents":true,"proxy":{"proxyType":"direct"}}
[INFO  - 2017-10-25T22:19:25.321Z] SessionManagerReqHand - _postNewSessionCommand - New Session Created: 8f192530-b9d2-11e7-bd08-c5bcc0b40bc4
[INFO  - 2017-10-25T22:38:46.823Z] GhostDriver - Main - running on port 33015
[INFO  - 2017-10-25T22:38:47.149Z] Session [439a2e80-b9d5-11e7-9f62-a1ab54a27814] - page.settings - {"XSSAuditingEnabled":false,"javascriptCanCloseWindows":true,"javascriptCanOpenWindows":true,"javascriptEnabled":true,"loadImages":true,"localToRemoteUrlAccessEnabled":false,"userAgent":"Mozilla/5.0 (Macintosh; Intel Mac OS X) AppleWebKit/538.1 (KHTML, like Gecko) PhantomJS/2.1.1 Safari/538.1","webSecurityEnabled":true}
[INFO  - 2017-10-25T22:38:47.149Z] Session [439a2e80-b9d5-11e7-9f62-a1ab54a27814] - page.customHeaders:  - {}
[INFO  - 2017-10-25T22:38:47.149Z] Session [439a2e80-b9d5-11e7-9f62-a1ab54a27814] - Session.negotiatedCapabilities - {"browserName":"phantomjs","version":"2.1.1","driverName":"ghostdriver","driverVersion":"1.2.0","platform":"mac-unknown-64bit","javascriptEnabled":true,"takesScreenshot":true,"handlesAlerts":false,"databaseEnabled":false,"locationContextEnabled":false,"applicationCacheEnabled":false,"browserConnectionEnabled":false,"cssSelectorsEnabled":true,"webStorageEnabled":false,"rotatable":false,"acceptSslCerts":false,"nativeEvents":true,"proxy":{"proxyType":"direct"}}
[INFO  - 2017-10-25T22:38:47.149Z] SessionManagerReqHand - _postNewSessionCommand - New Session Created: 439a2e80-b9d5-11e7-9f62-a1ab54a27814
[INFO  - 2017-10-25T22:41:03.405Z] GhostDriver - Main - running on port 6709
[INFO  - 2017-10-25T22:41:03.837Z] Session [95136ba0-b9d5-11e7-8da5-79d5cd32d710] - page.settings - {"XSSAuditingEnabled":false,"javascriptCanCloseWindows":true,"javascriptCanOpenWindows":true,"javascriptEnabled":true,"loadImages":true,"localToRemoteUrlAccessEnabled":false,"userAgent":"Mozilla/5.0 (Macintosh; Intel Mac OS X) AppleWebKit/538.1 (KHTML, like Gecko) PhantomJS/2.1.1 Safari/538.1","webSecurityEnabled":true}
[INFO  - 2017-10-25T22:41:03.837Z] Session [95136ba0-b9d5-11e7-8da5-79d5cd32d710] - page.customHeaders:  - {}
[INFO  - 2017-10-25T22:41:03.837Z] Session [95136ba0-b9d5-11e7-8da5-79d5cd32d710] - Session.negotiatedCapabilities - {"browserName":"phantomjs","version":"2.1.1","driverName":"ghostdriver","driverVersion":"1.2.0","platform":"mac-unknown-64bit","javascriptEnabled":true,"takesScreenshot":true,"handlesAlerts":false,"databaseEnabled":false,"locationContextEnabled":false,"applicationCacheEnabled":false,"browserConnectionEnabled":false,"cssSelectorsEnabled":true,"webStorageEnabled":false,"rotatable":false,"acceptSslCerts":false,"nativeEvents":true,"proxy":{"proxyType":"direct"}}
[INFO  - 2017-10-25T22:41:03.837Z] SessionManagerReqHand - _postNewSessionCommand - New Session Created: 95136ba0-b9d5-11e7-8da5-79d5cd32d710
